2012-03-28 16:39:11,105 DEBUG main br.unb.cic.bionimbus.p2p.ChordRing - Starting chord ring
2012-03-28 17:37:53,977 DEBUG main br.unb.cic.bionimbus.p2p.ChordRing - Starting chord ring
2012-03-30 16:50:57,871 DEBUG main br.unb.cic.bionimbus.p2p.ChordRing - Starting chord ring
2012-03-30 17:03:04,275 DEBUG main br.unb.cic.bionimbus.p2p.ChordRing - Starting chord ring
2012-03-30 17:03:04,522 INFO main br.unb.cic.bionimbus.client.experiments.MscTool - client is connected.
2012-03-30 17:03:34,954 DEBUG main br.unb.cic.bionimbus.p2p.ChordRing - Starting chord ring
2012-03-30 17:03:35,256 INFO main br.unb.cic.bionimbus.client.experiments.MscTool - client is connected.
2012-03-30 17:04:02,475 DEBUG main br.unb.cic.bionimbus.p2p.ChordRing - Starting chord ring
2012-03-30 17:04:02,842 INFO main br.unb.cic.bionimbus.client.experiments.MscTool - client is connected.
2012-03-30 17:04:42,400 DEBUG main br.unb.cic.bionimbus.p2p.ChordRing - Starting chord ring
2012-03-30 17:05:46,048 DEBUG main br.unb.cic.bionimbus.p2p.ChordRing - Starting chord ring
2012-03-30 17:06:01,790 DEBUG main br.unb.cic.bionimbus.p2p.ChordRing - Starting chord ring
2012-03-30 17:06:46,373 DEBUG main br.unb.cic.bionimbus.p2p.ChordRing - Starting chord ring
2012-03-30 17:08:27,398 DEBUG main br.unb.cic.bionimbus.p2p.ChordRing - Starting chord ring
2012-03-30 17:08:27,617 INFO main br.unb.cic.bionimbus.client.experiments.MscTool - client is connected.
2012-03-30 17:08:44,421 DEBUG main br.unb.cic.bionimbus.p2p.ChordRing - Starting chord ring
2012-03-30 17:09:04,026 DEBUG main br.unb.cic.bionimbus.p2p.ChordRing - Starting chord ring
2012-03-30 17:09:59,922 DEBUG main br.unb.cic.bionimbus.p2p.ChordRing - Starting chord ring
2012-03-30 17:21:10,970 DEBUG main br.unb.cic.bionimbus.p2p.ChordRing - Starting chord ring
2012-03-30 17:24:53,102 DEBUG main br.unb.cic.bionimbus.p2p.ChordRing - Starting chord ring
2012-03-30 17:24:53,401 INFO main br.unb.cic.bionimbus.client.experiments.MscTool - client is connected.
2012-04-10 15:00:20,992 DEBUG main br.unb.cic.bionimbus.p2p.ChordRing - Starting chord ring
2012-04-10 15:14:25,798 DEBUG main br.unb.cic.bionimbus.p2p.ChordRing - Starting chord ring
2012-04-10 15:15:22,200 DEBUG main br.unb.cic.bionimbus.p2p.ChordRing - Starting chord ring
2012-04-10 15:32:45,712 DEBUG main br.unb.cic.bionimbus.p2p.ChordRing - Starting chord ring
2012-04-10 15:40:12,182 DEBUG main br.unb.cic.bionimbus.p2p.ChordRing - Starting chord ring
2012-04-10 15:46:57,611 DEBUG main br.unb.cic.bionimbus.p2p.ChordRing - Starting chord ring
2012-04-10 15:46:57,741 DEBUG SchedService-1 br.unb.cic.bionimbus.sched.SchedService - running SchedService...
2012-04-10 15:46:57,960 WARN New I/O server worker #1-4 br.unb.cic.bionimbus.sched.SchedService - SCHED ERROR: type=INFO;msg=Plugin is loading...
2012-04-10 15:47:20,666 DEBUG main br.unb.cic.bionimbus.p2p.ChordRing - Starting chord ring
2012-04-10 15:47:20,777 DEBUG SchedService-1 br.unb.cic.bionimbus.sched.SchedService - running SchedService...
2012-04-10 15:47:21,045 WARN New I/O server worker #1-3 br.unb.cic.bionimbus.sched.SchedService - SCHED ERROR: type=INFO;msg=Plugin is loading...
2012-04-10 15:47:35,777 DEBUG SchedService-1 br.unb.cic.bionimbus.sched.SchedService - running SchedService...
2012-04-10 15:47:50,777 DEBUG SchedService-1 br.unb.cic.bionimbus.sched.SchedService - running SchedService...
2012-04-10 15:47:50,810 WARN New I/O server worker #1-11 br.unb.cic.bionimbus.sched.SchedService - SCHED ERROR: type=INFO;msg=Plugin is loading...
2012-04-10 15:48:05,777 DEBUG SchedService-1 br.unb.cic.bionimbus.sched.SchedService - running SchedService...
2012-04-10 15:48:20,777 DEBUG SchedService-1 br.unb.cic.bionimbus.sched.SchedService - running SchedService...
2012-04-10 15:48:20,805 WARN New I/O server worker #1-22 br.unb.cic.bionimbus.sched.SchedService - SCHED ERROR: type=INFO;msg=Plugin is loading...
2012-04-10 15:48:35,777 DEBUG SchedService-1 br.unb.cic.bionimbus.sched.SchedService - running SchedService...
2012-04-10 15:48:50,777 DEBUG SchedService-1 br.unb.cic.bionimbus.sched.SchedService - running SchedService...
2012-04-10 15:48:50,804 WARN New I/O server worker #1-31 br.unb.cic.bionimbus.sched.SchedService - SCHED ERROR: type=INFO;msg=Plugin is loading...
2012-04-10 15:49:05,777 DEBUG SchedService-1 br.unb.cic.bionimbus.sched.SchedService - running SchedService...
2012-04-10 15:49:20,777 DEBUG SchedService-1 br.unb.cic.bionimbus.sched.SchedService - running SchedService...
2012-04-10 15:49:20,804 WARN New I/O server worker #1-14 br.unb.cic.bionimbus.sched.SchedService - SCHED ERROR: type=INFO;msg=Plugin is loading...
2012-04-10 15:49:35,777 DEBUG SchedService-1 br.unb.cic.bionimbus.sched.SchedService - running SchedService...
2012-04-10 15:52:48,374 DEBUG main br.unb.cic.bionimbus.p2p.ChordRing - Starting chord ring
2012-04-10 15:52:48,479 DEBUG SchedService-1 br.unb.cic.bionimbus.sched.SchedService - running SchedService...
2012-04-10 15:52:48,721 WARN New I/O server worker #1-4 br.unb.cic.bionimbus.sched.SchedService - SCHED ERROR: type=INFO;msg=Plugin is loading...
2012-04-10 15:53:03,479 DEBUG SchedService-1 br.unb.cic.bionimbus.sched.SchedService - running SchedService...
2012-04-10 15:53:18,479 DEBUG SchedService-1 br.unb.cic.bionimbus.sched.SchedService - running SchedService...
2012-04-10 15:53:18,538 WARN New I/O server worker #1-15 br.unb.cic.bionimbus.sched.SchedService - SCHED ERROR: type=INFO;msg=Plugin is loading...
2012-04-10 15:53:33,479 DEBUG SchedService-1 br.unb.cic.bionimbus.sched.SchedService - running SchedService...
2012-04-10 15:53:48,479 DEBUG SchedService-1 br.unb.cic.bionimbus.sched.SchedService - running SchedService...
2012-04-10 15:53:48,516 WARN New I/O server worker #1-28 br.unb.cic.bionimbus.sched.SchedService - SCHED ERROR: type=INFO;msg=Plugin is loading...
2012-04-10 15:57:19,158 DEBUG main br.unb.cic.bionimbus.p2p.ChordRing - Starting chord ring
2012-04-10 15:57:19,250 DEBUG SchedService-1 br.unb.cic.bionimbus.sched.SchedService - running SchedService...
2012-04-10 15:57:19,633 WARN New I/O server worker #1-4 br.unb.cic.bionimbus.sched.SchedService - SCHED ERROR: type=INFO;msg=Plugin is loading...
2012-04-10 15:57:34,250 DEBUG SchedService-1 br.unb.cic.bionimbus.sched.SchedService - running SchedService...
2012-04-10 15:57:49,249 DEBUG SchedService-1 br.unb.cic.bionimbus.sched.SchedService - running SchedService...
2012-04-10 15:57:49,309 WARN New I/O server worker #1-14 br.unb.cic.bionimbus.sched.SchedService - SCHED ERROR: type=INFO;msg=Plugin is loading...
2012-04-10 15:58:04,249 DEBUG SchedService-1 br.unb.cic.bionimbus.sched.SchedService - running SchedService...
2012-04-10 15:58:19,249 DEBUG SchedService-1 br.unb.cic.bionimbus.sched.SchedService - running SchedService...
2012-04-10 15:58:19,275 WARN New I/O server worker #1-20 br.unb.cic.bionimbus.sched.SchedService - SCHED ERROR: type=INFO;msg=Plugin is loading...
2012-04-10 15:58:34,249 DEBUG SchedService-1 br.unb.cic.bionimbus.sched.SchedService - running SchedService...
2012-04-10 15:58:49,249 DEBUG SchedService-1 br.unb.cic.bionimbus.sched.SchedService - running SchedService...
2012-04-10 15:58:49,274 WARN New I/O server worker #1-31 br.unb.cic.bionimbus.sched.SchedService - SCHED ERROR: type=INFO;msg=Plugin is loading...
2012-04-10 15:59:04,249 DEBUG SchedService-1 br.unb.cic.bionimbus.sched.SchedService - running SchedService...
2012-04-10 15:59:19,249 DEBUG SchedService-1 br.unb.cic.bionimbus.sched.SchedService - running SchedService...
2012-04-10 15:59:19,276 WARN New I/O server worker #1-10 br.unb.cic.bionimbus.sched.SchedService - SCHED ERROR: type=INFO;msg=Plugin is loading...
2012-04-10 16:00:34,586 DEBUG main br.unb.cic.bionimbus.p2p.ChordRing - Starting chord ring
2012-04-10 16:00:35,447 DEBUG SchedService-1 br.unb.cic.bionimbus.sched.SchedService - running SchedService...
2012-04-10 16:00:35,725 WARN New I/O server worker #1-3 br.unb.cic.bionimbus.sched.SchedService - SCHED ERROR: type=INFO;msg=Plugin is loading...
2012-04-10 16:00:50,446 DEBUG SchedService-1 br.unb.cic.bionimbus.sched.SchedService - running SchedService...
2012-04-10 16:01:05,447 DEBUG SchedService-1 br.unb.cic.bionimbus.sched.SchedService - running SchedService...
2012-04-10 16:01:05,494 WARN New I/O server worker #1-14 br.unb.cic.bionimbus.sched.SchedService - SCHED ERROR: type=INFO;msg=Plugin is loading...
2012-04-10 16:01:20,446 DEBUG SchedService-1 br.unb.cic.bionimbus.sched.SchedService - running SchedService...
2012-04-10 16:01:35,446 DEBUG SchedService-1 br.unb.cic.bionimbus.sched.SchedService - running SchedService...
2012-04-10 16:01:35,481 WARN New I/O server worker #1-27 br.unb.cic.bionimbus.sched.SchedService - SCHED ERROR: type=INFO;msg=Plugin is loading...
2012-04-10 16:01:50,446 DEBUG SchedService-1 br.unb.cic.bionimbus.sched.SchedService - running SchedService...
2012-04-10 16:02:05,447 DEBUG SchedService-1 br.unb.cic.bionimbus.sched.SchedService - running SchedService...
2012-04-10 16:02:05,483 WARN New I/O server worker #1-6 br.unb.cic.bionimbus.sched.SchedService - SCHED ERROR: type=INFO;msg=Plugin is loading...
2012-04-10 16:02:20,446 DEBUG SchedService-1 br.unb.cic.bionimbus.sched.SchedService - running SchedService...
2012-04-10 16:02:35,239 DEBUG main br.unb.cic.bionimbus.p2p.ChordRing - Starting chord ring
2012-04-10 16:02:35,520 DEBUG SchedService-1 br.unb.cic.bionimbus.sched.SchedService - running SchedService...
2012-04-10 16:02:36,009 WARN New I/O server worker #1-4 br.unb.cic.bionimbus.sched.SchedService - SCHED ERROR: type=INFO;msg=Plugin is loading...
2012-04-10 16:02:50,520 DEBUG SchedService-1 br.unb.cic.bionimbus.sched.SchedService - running SchedService...
2012-04-10 16:03:05,520 DEBUG SchedService-1 br.unb.cic.bionimbus.sched.SchedService - running SchedService...
2012-04-10 16:03:05,562 WARN New I/O server worker #1-15 br.unb.cic.bionimbus.sched.SchedService - SCHED ERROR: type=INFO;msg=Plugin is loading...
2012-04-10 16:03:20,520 DEBUG SchedService-1 br.unb.cic.bionimbus.sched.SchedService - running SchedService...
2012-04-10 16:03:35,520 DEBUG SchedService-1 br.unb.cic.bionimbus.sched.SchedService - running SchedService...
2012-04-10 16:03:35,557 WARN New I/O server worker #1-27 br.unb.cic.bionimbus.sched.SchedService - SCHED ERROR: type=INFO;msg=Plugin is loading...
2012-04-10 16:03:50,520 DEBUG SchedService-1 br.unb.cic.bionimbus.sched.SchedService - running SchedService...
2012-04-10 16:06:29,046 DEBUG main br.unb.cic.bionimbus.p2p.ChordRing - Starting chord ring
2012-04-10 16:06:29,129 DEBUG SchedService-1 br.unb.cic.bionimbus.sched.SchedService - running SchedService...
2012-04-10 16:06:29,341 WARN New I/O server worker #1-6 br.unb.cic.bionimbus.sched.SchedService - SCHED ERROR: type=INFO;msg=Plugin is loading...
2012-04-10 16:06:44,129 DEBUG SchedService-1 br.unb.cic.bionimbus.sched.SchedService - running SchedService...
2012-04-10 16:06:59,129 DEBUG SchedService-1 br.unb.cic.bionimbus.sched.SchedService - running SchedService...
2012-04-10 16:06:59,176 WARN New I/O server worker #1-15 br.unb.cic.bionimbus.sched.SchedService - SCHED ERROR: type=INFO;msg=Plugin is loading...
2012-04-10 16:07:14,129 DEBUG SchedService-1 br.unb.cic.bionimbus.sched.SchedService - running SchedService...
2012-04-10 16:07:29,129 DEBUG SchedService-1 br.unb.cic.bionimbus.sched.SchedService - running SchedService...
2012-04-10 16:07:29,160 WARN New I/O server worker #1-26 br.unb.cic.bionimbus.sched.SchedService - SCHED ERROR: type=INFO;msg=Plugin is loading...
2012-04-10 16:07:44,129 DEBUG SchedService-1 br.unb.cic.bionimbus.sched.SchedService - running SchedService...
2012-04-10 16:07:59,129 DEBUG SchedService-1 br.unb.cic.bionimbus.sched.SchedService - running SchedService...
2012-04-10 16:07:59,163 WARN New I/O server worker #1-7 br.unb.cic.bionimbus.sched.SchedService - SCHED ERROR: type=INFO;msg=Plugin is loading...
2012-04-10 16:08:14,129 DEBUG SchedService-1 br.unb.cic.bionimbus.sched.SchedService - running SchedService...
2012-04-10 16:08:29,129 DEBUG SchedService-1 br.unb.cic.bionimbus.sched.SchedService - running SchedService...
2012-04-10 16:08:29,168 WARN New I/O server worker #1-18 br.unb.cic.bionimbus.sched.SchedService - SCHED ERROR: type=INFO;msg=Plugin is loading...
2012-04-10 16:08:44,129 DEBUG SchedService-1 br.unb.cic.bionimbus.sched.SchedService - running SchedService...
2012-04-10 16:08:59,129 DEBUG SchedService-1 br.unb.cic.bionimbus.sched.SchedService - running SchedService...
2012-04-10 16:08:59,156 WARN New I/O server worker #1-27 br.unb.cic.bionimbus.sched.SchedService - SCHED ERROR: type=INFO;msg=Plugin is loading...
2012-04-10 16:09:09,715 DEBUG main br.unb.cic.bionimbus.p2p.ChordRing - Starting chord ring
2012-04-10 16:09:09,833 DEBUG SchedService-1 br.unb.cic.bionimbus.sched.SchedService - running SchedService...
2012-04-10 16:09:10,587 WARN New I/O server worker #1-4 br.unb.cic.bionimbus.sched.SchedService - SCHED ERROR: type=INFO;msg=Plugin is loading...
2012-04-10 16:09:24,833 DEBUG SchedService-1 br.unb.cic.bionimbus.sched.SchedService - running SchedService...
2012-04-10 16:09:39,833 DEBUG SchedService-1 br.unb.cic.bionimbus.sched.SchedService - running SchedService...
2012-04-10 16:09:39,871 WARN New I/O server worker #1-15 br.unb.cic.bionimbus.sched.SchedService - SCHED ERROR: type=INFO;msg=Plugin is loading...
2012-04-10 16:09:54,833 DEBUG SchedService-1 br.unb.cic.bionimbus.sched.SchedService - running SchedService...
2012-04-10 16:10:09,833 DEBUG SchedService-1 br.unb.cic.bionimbus.sched.SchedService - running SchedService...
2012-04-10 16:10:09,866 WARN New I/O server worker #1-28 br.unb.cic.bionimbus.sched.SchedService - SCHED ERROR: type=INFO;msg=Plugin is loading...
2012-04-10 16:10:24,833 DEBUG SchedService-1 br.unb.cic.bionimbus.sched.SchedService - running SchedService...
2012-04-10 16:10:39,833 DEBUG SchedService-1 br.unb.cic.bionimbus.sched.SchedService - running SchedService...
2012-04-10 16:10:39,862 WARN New I/O server worker #1-5 br.unb.cic.bionimbus.sched.SchedService - SCHED ERROR: type=INFO;msg=Plugin is loading...
2012-04-10 16:10:54,833 DEBUG SchedService-1 br.unb.cic.bionimbus.sched.SchedService - running SchedService...
2012-04-10 16:11:09,833 DEBUG SchedService-1 br.unb.cic.bionimbus.sched.SchedService - running SchedService...
2012-04-10 16:11:09,867 WARN New I/O server worker #1-16 br.unb.cic.bionimbus.sched.SchedService - SCHED ERROR: type=INFO;msg=Plugin is loading...
2012-04-10 16:18:47,110 DEBUG main br.unb.cic.bionimbus.p2p.ChordRing - Starting chord ring
2012-04-10 16:18:47,192 DEBUG SchedService-1 br.unb.cic.bionimbus.sched.SchedService - running SchedService...
2012-04-10 16:18:47,400 WARN New I/O server worker #1-5 br.unb.cic.bionimbus.sched.SchedService - SCHED ERROR: type=INFO;msg=Plugin is loading...
2012-04-10 16:19:02,192 DEBUG SchedService-1 br.unb.cic.bionimbus.sched.SchedService - running SchedService...
2012-04-10 16:19:17,192 DEBUG SchedService-1 br.unb.cic.bionimbus.sched.SchedService - running SchedService...
2012-04-10 16:19:17,242 WARN New I/O server worker #1-16 br.unb.cic.bionimbus.sched.SchedService - SCHED ERROR: type=INFO;msg=Plugin is loading...
2012-04-10 16:19:32,192 DEBUG SchedService-1 br.unb.cic.bionimbus.sched.SchedService - running SchedService...
2012-04-10 16:19:38,670 DEBUG main br.unb.cic.bionimbus.p2p.ChordRing - Starting chord ring
2012-04-10 16:19:38,759 DEBUG SchedService-1 br.unb.cic.bionimbus.sched.SchedService - running SchedService...
2012-04-10 16:19:44,643 DEBUG main br.unb.cic.bionimbus.p2p.ChordRing - Starting chord ring
2012-04-10 16:19:55,520 DEBUG main br.unb.cic.bionimbus.p2p.ChordRing - Starting chord ring
2012-04-10 16:19:55,607 DEBUG SchedService-1 br.unb.cic.bionimbus.sched.SchedService - running SchedService...
2012-04-10 16:19:55,809 WARN New I/O server worker #1-4 br.unb.cic.bionimbus.sched.SchedService - SCHED ERROR: type=INFO;msg=Plugin is loading...
2012-04-10 16:20:10,607 DEBUG SchedService-1 br.unb.cic.bionimbus.sched.SchedService - running SchedService...
2012-04-10 16:20:25,607 DEBUG SchedService-1 br.unb.cic.bionimbus.sched.SchedService - running SchedService...
2012-04-10 16:20:25,648 WARN New I/O server worker #1-15 br.unb.cic.bionimbus.sched.SchedService - SCHED ERROR: type=INFO;msg=Plugin is loading...
2012-04-10 16:20:40,607 DEBUG SchedService-1 br.unb.cic.bionimbus.sched.SchedService - running SchedService...
2012-04-10 16:20:55,607 DEBUG SchedService-1 br.unb.cic.bionimbus.sched.SchedService - running SchedService...
2012-04-10 16:20:55,633 WARN New I/O server worker #1-25 br.unb.cic.bionimbus.sched.SchedService - SCHED ERROR: type=INFO;msg=Plugin is loading...
2012-04-10 16:21:10,607 DEBUG SchedService-1 br.unb.cic.bionimbus.sched.SchedService - running SchedService...
2012-04-10 16:21:25,607 DEBUG SchedService-1 br.unb.cic.bionimbus.sched.SchedService - running SchedService...
2012-04-10 16:21:25,636 WARN New I/O server worker #1-5 br.unb.cic.bionimbus.sched.SchedService - SCHED ERROR: type=INFO;msg=Plugin is loading...
2012-04-10 16:21:40,607 DEBUG SchedService-1 br.unb.cic.bionimbus.sched.SchedService - running SchedService...
2012-04-10 16:23:34,051 DEBUG main br.unb.cic.bionimbus.p2p.ChordRing - Starting chord ring
2012-04-10 16:23:34,133 DEBUG SchedService-1 br.unb.cic.bionimbus.sched.SchedService - running SchedService...
2012-04-10 16:23:34,333 WARN New I/O server worker #1-4 br.unb.cic.bionimbus.sched.SchedService - SCHED ERROR: type=INFO;msg=Plugin is loading...
2012-04-10 16:24:01,549 DEBUG main br.unb.cic.bionimbus.p2p.ChordRing - Starting chord ring
2012-04-10 16:24:01,625 DEBUG SchedService-1 br.unb.cic.bionimbus.sched.SchedService - running SchedService...
2012-04-10 16:24:01,817 WARN New I/O server worker #1-4 br.unb.cic.bionimbus.sched.SchedService - SCHED ERROR: type=INFO;msg=Plugin is loading...
2012-04-10 16:24:16,625 DEBUG SchedService-1 br.unb.cic.bionimbus.sched.SchedService - running SchedService...
2012-04-10 16:24:31,625 DEBUG SchedService-1 br.unb.cic.bionimbus.sched.SchedService - running SchedService...
2012-04-10 16:24:31,665 WARN New I/O server worker #1-15 br.unb.cic.bionimbus.sched.SchedService - SCHED ERROR: type=INFO;msg=Plugin is loading...
2012-04-10 16:24:46,625 DEBUG SchedService-1 br.unb.cic.bionimbus.sched.SchedService - running SchedService...
2012-04-10 16:25:01,625 DEBUG SchedService-1 br.unb.cic.bionimbus.sched.SchedService - running SchedService...
2012-04-10 16:25:01,651 WARN New I/O server worker #1-26 br.unb.cic.bionimbus.sched.SchedService - SCHED ERROR: type=INFO;msg=Plugin is loading...
2012-04-10 16:25:16,625 DEBUG SchedService-1 br.unb.cic.bionimbus.sched.SchedService - running SchedService...
2012-04-10 16:25:31,625 DEBUG SchedService-1 br.unb.cic.bionimbus.sched.SchedService - running SchedService...
2012-04-10 16:25:31,653 WARN New I/O server worker #1-5 br.unb.cic.bionimbus.sched.SchedService - SCHED ERROR: type=INFO;msg=Plugin is loading...
2012-04-10 16:25:46,626 DEBUG SchedService-1 br.unb.cic.bionimbus.sched.SchedService - running SchedService...
2012-04-10 16:26:01,625 DEBUG SchedService-1 br.unb.cic.bionimbus.sched.SchedService - running SchedService...
2012-04-10 16:26:01,651 WARN New I/O server worker #1-16 br.unb.cic.bionimbus.sched.SchedService - SCHED ERROR: type=INFO;msg=Plugin is loading...
2012-04-10 16:26:16,625 DEBUG SchedService-1 br.unb.cic.bionimbus.sched.SchedService - running SchedService...
2012-04-10 16:26:31,625 DEBUG SchedService-1 br.unb.cic.bionimbus.sched.SchedService - running SchedService...
2012-04-10 16:26:31,658 WARN New I/O server worker #1-29 br.unb.cic.bionimbus.sched.SchedService - SCHED ERROR: type=INFO;msg=Plugin is loading...
2012-04-10 16:26:46,625 DEBUG SchedService-1 br.unb.cic.bionimbus.sched.SchedService - running SchedService...
2012-04-10 16:27:01,625 DEBUG SchedService-1 br.unb.cic.bionimbus.sched.SchedService - running SchedService...
2012-04-10 16:27:01,647 WARN New I/O server worker #1-6 br.unb.cic.bionimbus.sched.SchedService - SCHED ERROR: type=INFO;msg=Plugin is loading...
2012-04-10 16:27:16,625 DEBUG SchedService-1 br.unb.cic.bionimbus.sched.SchedService - running SchedService...
2012-04-10 16:27:31,626 DEBUG SchedService-1 br.unb.cic.bionimbus.sched.SchedService - running SchedService...
2012-04-10 16:27:31,658 WARN New I/O server worker #1-19 br.unb.cic.bionimbus.sched.SchedService - SCHED ERROR: type=INFO;msg=Plugin is loading...
2012-04-10 16:27:46,625 DEBUG SchedService-1 br.unb.cic.bionimbus.sched.SchedService - running SchedService...
2012-04-10 16:28:01,625 DEBUG SchedService-1 br.unb.cic.bionimbus.sched.SchedService - running SchedService...
2012-04-10 16:28:01,654 WARN New I/O server worker #1-29 br.unb.cic.bionimbus.sched.SchedService - SCHED ERROR: type=INFO;msg=Plugin is loading...
2012-04-10 18:10:20,112 DEBUG main br.unb.cic.bionimbus.p2p.ChordRing - Starting chord ring
2012-04-10 18:10:20,224 DEBUG SchedService-1 br.unb.cic.bionimbus.sched.SchedService - running SchedService...
2012-04-10 18:10:20,479 WARN New I/O server worker #1-4 br.unb.cic.bionimbus.sched.SchedService - SCHED ERROR: type=INFO;msg=Plugin is loading...
2012-04-10 18:10:35,224 DEBUG SchedService-1 br.unb.cic.bionimbus.sched.SchedService - running SchedService...
2012-04-10 18:10:50,224 DEBUG SchedService-1 br.unb.cic.bionimbus.sched.SchedService - running SchedService...
2012-04-10 18:10:50,266 WARN New I/O server worker #1-12 br.unb.cic.bionimbus.sched.SchedService - SCHED ERROR: type=INFO;msg=Plugin is loading...
2012-04-10 18:11:05,224 DEBUG SchedService-1 br.unb.cic.bionimbus.sched.SchedService - running SchedService...
2012-04-10 18:11:20,224 DEBUG SchedService-1 br.unb.cic.bionimbus.sched.SchedService - running SchedService...
2012-04-10 18:11:20,249 WARN New I/O server worker #1-20 br.unb.cic.bionimbus.sched.SchedService - SCHED ERROR: type=INFO;msg=Plugin is loading...
2012-04-10 18:11:35,224 DEBUG SchedService-1 br.unb.cic.bionimbus.sched.SchedService - running SchedService...
2012-04-10 18:11:50,224 DEBUG SchedService-1 br.unb.cic.bionimbus.sched.SchedService - running SchedService...
2012-04-10 18:11:50,249 WARN New I/O server worker #1-29 br.unb.cic.bionimbus.sched.SchedService - SCHED ERROR: type=INFO;msg=Plugin is loading...
2012-04-10 18:12:05,224 DEBUG SchedService-1 br.unb.cic.bionimbus.sched.SchedService - running SchedService...
2012-04-10 18:12:20,224 DEBUG SchedService-1 br.unb.cic.bionimbus.sched.SchedService - running SchedService...
2012-04-10 18:12:20,253 WARN New I/O server worker #1-5 br.unb.cic.bionimbus.sched.SchedService - SCHED ERROR: type=INFO;msg=Plugin is loading...
2012-04-10 18:12:35,224 DEBUG SchedService-1 br.unb.cic.bionimbus.sched.SchedService - running SchedService...
2012-04-10 18:12:50,224 DEBUG SchedService-1 br.unb.cic.bionimbus.sched.SchedService - running SchedService...
2012-04-10 18:12:50,251 WARN New I/O server worker #1-12 br.unb.cic.bionimbus.sched.SchedService - SCHED ERROR: type=INFO;msg=Plugin is loading...
2012-04-10 18:13:05,224 DEBUG SchedService-1 br.unb.cic.bionimbus.sched.SchedService - running SchedService...
2012-04-10 18:13:20,224 DEBUG SchedService-1 br.unb.cic.bionimbus.sched.SchedService - running SchedService...
2012-04-10 18:13:20,261 WARN New I/O server worker #1-21 br.unb.cic.bionimbus.sched.SchedService - SCHED ERROR: type=INFO;msg=Plugin is loading...
2012-04-10 18:13:35,224 DEBUG SchedService-1 br.unb.cic.bionimbus.sched.SchedService - running SchedService...
2012-04-10 18:13:50,224 DEBUG SchedService-1 br.unb.cic.bionimbus.sched.SchedService - running SchedService...
2012-04-10 18:13:50,245 WARN New I/O server worker #1-28 br.unb.cic.bionimbus.sched.SchedService - SCHED ERROR: type=INFO;msg=Plugin is loading...
2012-04-10 18:14:09,251 DEBUG main br.unb.cic.bionimbus.p2p.ChordRing - Starting chord ring
2012-04-10 18:14:09,363 DEBUG SchedService-1 br.unb.cic.bionimbus.sched.SchedService - running SchedService...
2012-04-10 18:14:24,363 DEBUG SchedService-1 br.unb.cic.bionimbus.sched.SchedService - running SchedService...
2012-04-10 18:14:39,363 DEBUG SchedService-1 br.unb.cic.bionimbus.sched.SchedService - running SchedService...
2012-04-10 18:14:54,363 DEBUG SchedService-1 br.unb.cic.bionimbus.sched.SchedService - running SchedService...
2012-04-10 18:14:55,212 WARN New I/O server worker #1-4 br.unb.cic.bionimbus.sched.SchedService - SCHED ERROR: type=INFO;msg=Plugin is loading...
2012-04-10 18:15:11,170 DEBUG main br.unb.cic.bionimbus.p2p.ChordRing - Starting chord ring
2012-04-10 18:15:11,253 DEBUG SchedService-1 br.unb.cic.bionimbus.sched.SchedService - running SchedService...
2012-04-10 18:15:11,457 WARN New I/O server worker #1-4 br.unb.cic.bionimbus.sched.SchedService - SCHED ERROR: type=INFO;msg=Plugin is loading...
2012-04-10 18:15:26,253 DEBUG SchedService-1 br.unb.cic.bionimbus.sched.SchedService - running SchedService...
2012-04-10 18:15:41,253 DEBUG SchedService-1 br.unb.cic.bionimbus.sched.SchedService - running SchedService...
2012-04-10 18:15:41,298 WARN New I/O server worker #1-12 br.unb.cic.bionimbus.sched.SchedService - SCHED ERROR: type=INFO;msg=Plugin is loading...
2012-04-10 18:15:56,409 DEBUG main br.unb.cic.bionimbus.p2p.ChordRing - Starting chord ring
2012-04-10 18:15:56,485 DEBUG SchedService-1 br.unb.cic.bionimbus.sched.SchedService - running SchedService...
2012-04-10 18:15:56,691 WARN New I/O server worker #1-4 br.unb.cic.bionimbus.sched.SchedService - SCHED ERROR: type=INFO;msg=Plugin is loading...
2012-04-10 18:16:11,485 DEBUG SchedService-1 br.unb.cic.bionimbus.sched.SchedService - running SchedService...
2012-04-10 18:16:26,485 DEBUG SchedService-1 br.unb.cic.bionimbus.sched.SchedService - running SchedService...
2012-04-10 18:16:26,525 WARN New I/O server worker #1-12 br.unb.cic.bionimbus.sched.SchedService - SCHED ERROR: type=INFO;msg=Plugin is loading...
2012-04-10 18:16:41,485 DEBUG SchedService-1 br.unb.cic.bionimbus.sched.SchedService - running SchedService...
2012-04-10 18:16:56,485 DEBUG SchedService-1 br.unb.cic.bionimbus.sched.SchedService - running SchedService...
2012-04-10 18:16:56,518 WARN New I/O server worker #1-20 br.unb.cic.bionimbus.sched.SchedService - SCHED ERROR: type=INFO;msg=Plugin is loading...
2012-04-10 18:17:11,485 DEBUG SchedService-1 br.unb.cic.bionimbus.sched.SchedService - running SchedService...
2012-04-10 18:25:51,743 DEBUG main br.unb.cic.bionimbus.p2p.ChordRing - Starting chord ring
2012-04-10 18:25:56,740 DEBUG main br.unb.cic.bionimbus.p2p.ChordRing - Starting chord ring
2012-04-10 18:26:20,154 DEBUG main br.unb.cic.bionimbus.p2p.ChordRing - Starting chord ring
2012-04-10 18:26:20,237 DEBUG SchedService-1 br.unb.cic.bionimbus.sched.SchedService - running SchedService...
2012-04-10 18:26:20,441 WARN New I/O server worker #1-4 br.unb.cic.bionimbus.sched.SchedService - SCHED ERROR: type=INFO;msg=Plugin is loading...
2012-04-10 18:26:35,237 DEBUG SchedService-1 br.unb.cic.bionimbus.sched.SchedService - running SchedService...
2012-04-10 18:26:41,868 DEBUG main br.unb.cic.bionimbus.p2p.ChordRing - Starting chord ring
2012-04-10 18:26:50,237 DEBUG SchedService-1 br.unb.cic.bionimbus.sched.SchedService - running SchedService...
2012-04-10 18:26:50,264 WARN New I/O server worker #1-14 br.unb.cic.bionimbus.sched.SchedService - SCHED ERROR: type=INFO;msg=Plugin is loading...
2012-04-10 18:27:05,237 DEBUG SchedService-1 br.unb.cic.bionimbus.sched.SchedService - running SchedService...
2012-04-10 18:27:20,237 DEBUG SchedService-1 br.unb.cic.bionimbus.sched.SchedService - running SchedService...
2012-04-10 18:27:20,272 WARN New I/O server worker #1-27 br.unb.cic.bionimbus.sched.SchedService - SCHED ERROR: type=INFO;msg=Plugin is loading...
2012-04-10 18:29:12,276 DEBUG main br.unb.cic.bionimbus.p2p.ChordRing - Starting chord ring
2012-04-10 18:29:12,395 DEBUG SchedService-1 br.unb.cic.bionimbus.sched.SchedService - running SchedService...
2012-04-10 18:29:12,592 WARN New I/O server worker #1-6 br.unb.cic.bionimbus.sched.SchedService - SCHED ERROR: type=INFO;msg=Plugin is loading...
2012-04-10 18:29:19,479 DEBUG main br.unb.cic.bionimbus.p2p.ChordRing - Starting chord ring
2012-04-10 18:29:27,395 DEBUG SchedService-1 br.unb.cic.bionimbus.sched.SchedService - running SchedService...
2012-04-10 18:29:42,395 DEBUG SchedService-1 br.unb.cic.bionimbus.sched.SchedService - running SchedService...
2012-04-10 18:29:42,433 WARN New I/O server worker #1-13 br.unb.cic.bionimbus.sched.SchedService - SCHED ERROR: type=INFO;msg=Plugin is loading...
2012-04-10 18:29:57,395 DEBUG SchedService-1 br.unb.cic.bionimbus.sched.SchedService - running SchedService...
2012-04-10 18:30:12,395 DEBUG SchedService-1 br.unb.cic.bionimbus.sched.SchedService - running SchedService...
2012-04-10 18:30:12,421 WARN New I/O server worker #1-26 br.unb.cic.bionimbus.sched.SchedService - SCHED ERROR: type=INFO;msg=Plugin is loading...
2012-04-10 18:30:27,395 DEBUG SchedService-1 br.unb.cic.bionimbus.sched.SchedService - running SchedService...
2012-04-10 18:30:42,395 DEBUG SchedService-1 br.unb.cic.bionimbus.sched.SchedService - running SchedService...
2012-04-10 18:30:42,425 WARN New I/O server worker #1-5 br.unb.cic.bionimbus.sched.SchedService - SCHED ERROR: type=INFO;msg=Plugin is loading...
2012-04-10 18:30:57,395 DEBUG SchedService-1 br.unb.cic.bionimbus.sched.SchedService - running SchedService...
2012-04-10 18:40:28,440 DEBUG main br.unb.cic.bionimbus.p2p.ChordRing - Starting chord ring
2012-04-10 18:40:28,443 DEBUG main br.unb.cic.bionimbus.p2p.ChordRing - Peer ID: 2120820862671421243
2012-04-10 18:40:28,523 DEBUG SchedService-1 br.unb.cic.bionimbus.sched.SchedService - running SchedService...
2012-04-10 18:40:28,729 WARN New I/O server worker #1-4 br.unb.cic.bionimbus.sched.SchedService - SCHED ERROR: type=INFO;msg=Plugin is loading...
2012-04-10 18:40:43,523 DEBUG SchedService-1 br.unb.cic.bionimbus.sched.SchedService - running SchedService...
2012-04-10 18:40:49,366 DEBUG main br.unb.cic.bionimbus.p2p.ChordRing - Starting chord ring
2012-04-10 18:40:49,373 DEBUG main br.unb.cic.bionimbus.p2p.ChordRing - Peer ID: 646120176940574298
2012-04-10 18:40:58,522 DEBUG SchedService-1 br.unb.cic.bionimbus.sched.SchedService - running SchedService...
2012-04-10 18:40:58,564 WARN New I/O server worker #1-14 br.unb.cic.bionimbus.sched.SchedService - SCHED ERROR: type=INFO;msg=Plugin is loading...
2012-04-10 18:41:13,523 DEBUG SchedService-1 br.unb.cic.bionimbus.sched.SchedService - running SchedService...
2012-04-10 18:41:28,522 DEBUG SchedService-1 br.unb.cic.bionimbus.sched.SchedService - running SchedService...
2012-04-10 18:41:28,554 WARN New I/O server worker #1-26 br.unb.cic.bionimbus.sched.SchedService - SCHED ERROR: type=INFO;msg=Plugin is loading...
2012-04-10 18:42:25,370 DEBUG main br.unb.cic.bionimbus.p2p.ChordRing - Starting chord ring for peer 842477796448727908
2012-04-10 18:42:25,454 DEBUG SchedService-1 br.unb.cic.bionimbus.sched.SchedService - running SchedService...
2012-04-10 18:42:25,655 WARN New I/O server worker #1-4 br.unb.cic.bionimbus.sched.SchedService - SCHED ERROR: type=INFO;msg=Plugin is loading...
2012-04-10 18:42:36,596 DEBUG main br.unb.cic.bionimbus.p2p.ChordRing - Starting chord ring for peer 1924269635490318675
2012-04-10 18:42:40,453 DEBUG SchedService-1 br.unb.cic.bionimbus.sched.SchedService - running SchedService...
2012-04-10 18:42:55,453 DEBUG SchedService-1 br.unb.cic.bionimbus.sched.SchedService - running SchedService...
2012-04-10 18:42:55,497 WARN New I/O server worker #1-15 br.unb.cic.bionimbus.sched.SchedService - SCHED ERROR: type=INFO;msg=Plugin is loading...
2012-04-10 18:43:10,453 DEBUG SchedService-1 br.unb.cic.bionimbus.sched.SchedService - running SchedService...
2012-04-10 18:43:25,453 DEBUG SchedService-1 br.unb.cic.bionimbus.sched.SchedService - running SchedService...
2012-04-10 18:43:25,480 WARN New I/O server worker #1-25 br.unb.cic.bionimbus.sched.SchedService - SCHED ERROR: type=INFO;msg=Plugin is loading...
2012-04-10 18:43:40,453 DEBUG SchedService-1 br.unb.cic.bionimbus.sched.SchedService - running SchedService...
2012-04-10 18:43:55,454 DEBUG SchedService-1 br.unb.cic.bionimbus.sched.SchedService - running SchedService...
2012-04-10 18:43:55,484 WARN New I/O server worker #1-4 br.unb.cic.bionimbus.sched.SchedService - SCHED ERROR: type=INFO;msg=Plugin is loading...
2012-04-10 18:44:10,453 DEBUG SchedService-1 br.unb.cic.bionimbus.sched.SchedService - running SchedService...
2012-04-10 18:44:25,453 DEBUG SchedService-1 br.unb.cic.bionimbus.sched.SchedService - running SchedService...
2012-04-10 18:44:25,481 WARN New I/O server worker #1-16 br.unb.cic.bionimbus.sched.SchedService - SCHED ERROR: type=INFO;msg=Plugin is loading...
2012-04-10 18:44:40,453 DEBUG SchedService-1 br.unb.cic.bionimbus.sched.SchedService - running SchedService...
2012-04-10 18:44:55,453 DEBUG SchedService-1 br.unb.cic.bionimbus.sched.SchedService - running SchedService...
2012-04-10 18:44:55,474 WARN New I/O server worker #1-28 br.unb.cic.bionimbus.sched.SchedService - SCHED ERROR: type=INFO;msg=Plugin is loading...
2012-04-10 18:45:10,453 DEBUG SchedService-1 br.unb.cic.bionimbus.sched.SchedService - running SchedService...
2012-04-10 18:45:25,453 DEBUG SchedService-1 br.unb.cic.bionimbus.sched.SchedService - running SchedService...
2012-04-10 18:45:25,479 WARN New I/O server worker #1-7 br.unb.cic.bionimbus.sched.SchedService - SCHED ERROR: type=INFO;msg=Plugin is loading...
2012-04-10 18:45:36,667 DEBUG main br.unb.cic.bionimbus.p2p.ChordRing - Starting chord ring for peer 1909529879477039253
2012-04-10 18:45:40,453 DEBUG SchedService-1 br.unb.cic.bionimbus.sched.SchedService - running SchedService...
2012-04-10 18:45:55,454 DEBUG SchedService-1 br.unb.cic.bionimbus.sched.SchedService - running SchedService...
2012-04-10 18:45:55,480 WARN New I/O server worker #1-17 br.unb.cic.bionimbus.sched.SchedService - SCHED ERROR: type=INFO;msg=Plugin is loading...
2012-04-10 18:46:10,453 DEBUG SchedService-1 br.unb.cic.bionimbus.sched.SchedService - running SchedService...
2012-04-10 18:46:35,103 DEBUG main br.unb.cic.bionimbus.p2p.ChordRing - Starting chord ring for peer 4958731153529646785
2012-04-10 18:46:35,187 DEBUG SchedService-1 br.unb.cic.bionimbus.sched.SchedService - running SchedService...
2012-04-10 18:46:35,368 WARN New I/O server worker #1-4 br.unb.cic.bionimbus.sched.SchedService - SCHED ERROR: type=INFO;msg=Plugin is loading...
2012-04-10 18:46:42,934 DEBUG main br.unb.cic.bionimbus.p2p.ChordRing - Starting chord ring for peer 3659371558250806863
2012-04-10 18:46:50,187 DEBUG SchedService-1 br.unb.cic.bionimbus.sched.SchedService - running SchedService...
2012-04-10 18:47:05,186 DEBUG SchedService-1 br.unb.cic.bionimbus.sched.SchedService - running SchedService...
2012-04-10 18:47:05,231 WARN New I/O server worker #1-15 br.unb.cic.bionimbus.sched.SchedService - SCHED ERROR: type=INFO;msg=Plugin is loading...
2012-04-10 18:47:20,187 DEBUG SchedService-1 br.unb.cic.bionimbus.sched.SchedService - running SchedService...
2012-04-10 18:47:35,186 DEBUG SchedService-1 br.unb.cic.bionimbus.sched.SchedService - running SchedService...
2012-04-10 18:47:35,221 WARN New I/O server worker #1-27 br.unb.cic.bionimbus.sched.SchedService - SCHED ERROR: type=INFO;msg=Plugin is loading...
2012-04-10 18:47:50,187 DEBUG SchedService-1 br.unb.cic.bionimbus.sched.SchedService - running SchedService...
2012-04-10 18:48:05,187 DEBUG SchedService-1 br.unb.cic.bionimbus.sched.SchedService - running SchedService...
2012-04-10 18:48:05,216 WARN New I/O server worker #1-5 br.unb.cic.bionimbus.sched.SchedService - SCHED ERROR: type=INFO;msg=Plugin is loading...
2012-04-10 18:48:20,187 DEBUG SchedService-1 br.unb.cic.bionimbus.sched.SchedService - running SchedService...
2012-04-10 18:48:35,187 DEBUG SchedService-1 br.unb.cic.bionimbus.sched.SchedService - running SchedService...
2012-04-10 18:48:35,211 WARN New I/O server worker #1-16 br.unb.cic.bionimbus.sched.SchedService - SCHED ERROR: type=INFO;msg=Plugin is loading...
2012-04-10 18:48:50,187 DEBUG SchedService-1 br.unb.cic.bionimbus.sched.SchedService - running SchedService...
